2015/07/02 16:58:40 [error] [php] Undefined index: username (/Applications/MAMP/htdocs/alumni/protected/controllers/frontend/UserController.php:12)
Stack trace:
#0 /Applications/MAMP/htdocs/alumni/framework/web/CController.php(286): UserController->runAction()
#1 /Applications/MAMP/htdocs/alumni/framework/web/CController.php(265): UserController->runActionWithFilters()
#2 /Applications/MAMP/htdocs/alumni/framework/web/CWebApplication.php(282): UserController->run()
#3 /Applications/MAMP/htdocs/alumni/framework/web/CWebApplication.php(141): CWebApplication->runController()
#4 /Applications/MAMP/htdocs/alumni/framework/base/CApplication.php(184): CWebApplication->processRequest()
#5 /Applications/MAMP/htdocs/alumni/index.php(13): CWebApplication->run()
REQUEST_URI=/alumni/index.php?r=frontend/user/do_login
in /Applications/MAMP/htdocs/alumni/protected/controllers/frontend/UserController.php (12)
in /Applications/MAMP/htdocs/alumni/index.php (13)
2015/07/02 17:20:49 [error] [system.db.CDbCommand] CDbCommand::fetchAll() failed: SQLSTATE[42000]: Syntax error or access violation: 1064 You have an error in your SQL syntax; check the manual that corresponds to your MySQL server version for the right syntax to use near 'collegian_name LIKE '%มานัส%'' at line 6. The SQL statement executed was: SELECT DISTINCT(c.collegian_code) AS collegian_code,p.shot_name,c.collegian_name,c.collegian_lname,
                        timestampdiff(year,c.collegian_birth,date(NOW())) AS age,
                    c.collegian_birth,
                    c.d_update
                    FROM collegian c INNER JOIN prefix p ON c.shot_name = p.id 
                    WHERE 1=1  collegian_name LIKE '%มานัส%' .
in /Applications/MAMP/htdocs/alumni/protected/models/Search.php (13)
in /Applications/MAMP/htdocs/alumni/protected/controllers/frontend/SearchController.php (114)
in /Applications/MAMP/htdocs/alumni/index.php (13)
2015/07/02 17:20:49 [error] [exception.CDbException] exception 'CDbException' with message 'CDbCommand failed to execute the SQL statement: SQLSTATE[42000]: Syntax error or access violation: 1064 You have an error in your SQL syntax; check the manual that corresponds to your MySQL server version for the right syntax to use near 'collegian_name LIKE '%มานัส%'' at line 6. The SQL statement executed was: SELECT DISTINCT(c.collegian_code) AS collegian_code,p.shot_name,c.collegian_name,c.collegian_lname,
                        timestampdiff(year,c.collegian_birth,date(NOW())) AS age,
                    c.collegian_birth,
                    c.d_update
                    FROM collegian c INNER JOIN prefix p ON c.shot_name = p.id 
                    WHERE 1=1  collegian_name LIKE '%มานัส%' ' in /Applications/MAMP/htdocs/alumni/framework/db/CDbCommand.php:543
Stack trace:
#0 /Applications/MAMP/htdocs/alumni/framework/db/CDbCommand.php(396): CDbCommand->queryInternal('fetchAll', Array, Array)
#1 /Applications/MAMP/htdocs/alumni/protected/models/Search.php(13): CDbCommand->queryAll()
#2 /Applications/MAMP/htdocs/alumni/protected/controllers/frontend/SearchController.php(114): Search->SearchCollegian('', ' collegian_name...')
#3 /Applications/MAMP/htdocs/alumni/framework/web/actions/CInlineAction.php(49): SearchController->actionSearchAll()
#4 /Applications/MAMP/htdocs/alumni/framework/web/CController.php(308): CInlineAction->runWithParams(Array)
#5 /Applications/MAMP/htdocs/alumni/framework/web/CController.php(286): CController->runAction(Object(CInlineAction))
#6 /Applications/MAMP/htdocs/alumni/framework/web/CController.php(265): CController->runActionWithFilters(Object(CInlineAction), Array)
#7 /Applications/MAMP/htdocs/alumni/framework/web/CWebApplication.php(282): CController->run('SearchAll')
#8 /Applications/MAMP/htdocs/alumni/framework/web/CWebApplication.php(141): CWebApplication->runController('frontend/Search...')
#9 /Applications/MAMP/htdocs/alumni/framework/base/CApplication.php(184): CWebApplication->processRequest()
#10 /Applications/MAMP/htdocs/alumni/index.php(13): CApplication->run()
#11 {main}
REQUEST_URI=/alumni/index.php?r=frontend/Search/SearchAll
HTTP_REFERER=http://localhost/alumni/index.php?r=frontend/search/search_collegian
---
2015/07/02 17:21:02 [error] [php] Undefined index: changwat (/Applications/MAMP/htdocs/alumni/protected/controllers/frontend/SearchController.php:24)
Stack trace:
#0 /Applications/MAMP/htdocs/alumni/framework/web/CController.php(286): SearchController->runAction()
#1 /Applications/MAMP/htdocs/alumni/framework/web/CController.php(265): SearchController->runActionWithFilters()
#2 /Applications/MAMP/htdocs/alumni/framework/web/CWebApplication.php(282): SearchController->run()
#3 /Applications/MAMP/htdocs/alumni/framework/web/CWebApplication.php(141): CWebApplication->runController()
#4 /Applications/MAMP/htdocs/alumni/framework/base/CApplication.php(184): CWebApplication->processRequest()
#5 /Applications/MAMP/htdocs/alumni/index.php(13): CWebApplication->run()
REQUEST_URI=/alumni/index.php?r=frontend/Search/SearchAll
in /Applications/MAMP/htdocs/alumni/protected/controllers/frontend/SearchController.php (24)
in /Applications/MAMP/htdocs/alumni/index.php (13)
2015/07/02 17:22:42 [error] [system.db.CDbCommand] CDbCommand::fetchAll() failed: SQLSTATE[42000]: Syntax error or access violation: 1064 You have an error in your SQL syntax; check the manual that corresponds to your MySQL server version for the right syntax to use near 'c.collegian_name LIKE '%ม%'' at line 6. The SQL statement executed was: SELECT DISTINCT(c.collegian_code) AS collegian_code,p.shot_name,c.collegian_name,c.collegian_lname,
                        timestampdiff(year,c.collegian_birth,date(NOW())) AS age,
                    c.collegian_birth,
                    c.d_update
                    FROM collegian c INNER JOIN prefix p ON c.shot_name = p.id 
                    WHERE 1=1  c.collegian_name LIKE '%ม%' .
in /Applications/MAMP/htdocs/alumni/protected/models/Search.php (13)
in /Applications/MAMP/htdocs/alumni/protected/controllers/frontend/SearchController.php (114)
in /Applications/MAMP/htdocs/alumni/index.php (13)
2015/07/02 17:22:42 [error] [exception.CDbException] exception 'CDbException' with message 'CDbCommand failed to execute the SQL statement: SQLSTATE[42000]: Syntax error or access violation: 1064 You have an error in your SQL syntax; check the manual that corresponds to your MySQL server version for the right syntax to use near 'c.collegian_name LIKE '%ม%'' at line 6. The SQL statement executed was: SELECT DISTINCT(c.collegian_code) AS collegian_code,p.shot_name,c.collegian_name,c.collegian_lname,
                        timestampdiff(year,c.collegian_birth,date(NOW())) AS age,
                    c.collegian_birth,
                    c.d_update
                    FROM collegian c INNER JOIN prefix p ON c.shot_name = p.id 
                    WHERE 1=1  c.collegian_name LIKE '%ม%' ' in /Applications/MAMP/htdocs/alumni/framework/db/CDbCommand.php:543
Stack trace:
#0 /Applications/MAMP/htdocs/alumni/framework/db/CDbCommand.php(396): CDbCommand->queryInternal('fetchAll', Array, Array)
#1 /Applications/MAMP/htdocs/alumni/protected/models/Search.php(13): CDbCommand->queryAll()
#2 /Applications/MAMP/htdocs/alumni/protected/controllers/frontend/SearchController.php(114): Search->SearchCollegian('', ' c.collegian_na...')
#3 /Applications/MAMP/htdocs/alumni/framework/web/actions/CInlineAction.php(49): SearchController->actionSearchAll()
#4 /Applications/MAMP/htdocs/alumni/framework/web/CController.php(308): CInlineAction->runWithParams(Array)
#5 /Applications/MAMP/htdocs/alumni/framework/web/CController.php(286): CController->runAction(Object(CInlineAction))
#6 /Applications/MAMP/htdocs/alumni/framework/web/CController.php(265): CController->runActionWithFilters(Object(CInlineAction), Array)
#7 /Applications/MAMP/htdocs/alumni/framework/web/CWebApplication.php(282): CController->run('SearchAll')
#8 /Applications/MAMP/htdocs/alumni/framework/web/CWebApplication.php(141): CWebApplication->runController('frontend/Search...')
#9 /Applications/MAMP/htdocs/alumni/framework/base/CApplication.php(184): CWebApplication->processRequest()
#10 /Applications/MAMP/htdocs/alumni/index.php(13): CApplication->run()
#11 {main}
REQUEST_URI=/alumni/index.php?r=frontend/Search/SearchAll
HTTP_REFERER=http://localhost/alumni/index.php?r=frontend/search/search_collegian
---
2015/07/02 17:25:03 [error] [php] Array to string conversion (/Applications/MAMP/htdocs/alumni/protected/controllers/frontend/SearchController.php:114)
Stack trace:
#0 /Applications/MAMP/htdocs/alumni/framework/web/CController.php(286): SearchController->runAction()
#1 /Applications/MAMP/htdocs/alumni/framework/web/CController.php(265): SearchController->runActionWithFilters()
#2 /Applications/MAMP/htdocs/alumni/framework/web/CWebApplication.php(282): SearchController->run()
#3 /Applications/MAMP/htdocs/alumni/framework/web/CWebApplication.php(141): CWebApplication->runController()
#4 /Applications/MAMP/htdocs/alumni/framework/base/CApplication.php(184): CWebApplication->processRequest()
#5 /Applications/MAMP/htdocs/alumni/index.php(13): CWebApplication->run()
REQUEST_URI=/alumni/index.php?r=frontend/Search/SearchAll
in /Applications/MAMP/htdocs/alumni/protected/controllers/frontend/SearchController.php (114)
in /Applications/MAMP/htdocs/alumni/index.php (13)
2015/07/02 18:04:37 [error] [php] Undefined variable: collegian (/Applications/MAMP/htdocs/alumni/protected/views/layouts/posts.php:204)
Stack trace:
#0 /Applications/MAMP/htdocs/alumni/framework/web/CController.php(784): PostsController->renderFile()
#1 /Applications/MAMP/htdocs/alumni/protected/controllers/frontend/PostsController.php(59): PostsController->render()
#2 /Applications/MAMP/htdocs/alumni/framework/web/actions/CInlineAction.php(49): PostsController->actionPost_admin()
#3 /Applications/MAMP/htdocs/alumni/framework/web/CController.php(308): CInlineAction->runWithParams()
#4 /Applications/MAMP/htdocs/alumni/framework/web/CController.php(286): PostsController->runAction()
#5 /Applications/MAMP/htdocs/alumni/framework/web/CController.php(265): PostsController->runActionWithFilters()
#6 /Applications/MAMP/htdocs/alumni/framework/web/CWebApplication.php(282): PostsController->run()
#7 /Applications/MAMP/htdocs/alumni/framework/web/CWebApplication.php(141): CWebApplication->runController()
#8 /Applications/MAMP/htdocs/alumni/framework/base/CApplication.php(184): CWebApplication->processRequest()
#9 /Applications/MAMP/htdocs/alumni/index.php(13): CWebApplication->run()
REQUEST_URI=/alumni/index.php?r=frontend/posts/post_admin
in /Applications/MAMP/htdocs/alumni/protected/views/layouts/posts.php (204)
in /Applications/MAMP/htdocs/alumni/protected/controllers/frontend/PostsController.php (59)
in /Applications/MAMP/htdocs/alumni/index.php (13)
2015/07/02 18:06:52 [error] [php] Undefined variable: rs (/Applications/MAMP/htdocs/alumni/protected/views/layouts/posts.php:208)
Stack trace:
#0 /Applications/MAMP/htdocs/alumni/framework/web/CController.php(784): PostsController->renderFile()
#1 /Applications/MAMP/htdocs/alumni/protected/controllers/frontend/PostsController.php(57): PostsController->render()
#2 /Applications/MAMP/htdocs/alumni/framework/web/actions/CInlineAction.php(49): PostsController->actionPost_admin()
#3 /Applications/MAMP/htdocs/alumni/framework/web/CController.php(308): CInlineAction->runWithParams()
#4 /Applications/MAMP/htdocs/alumni/framework/web/CController.php(286): PostsController->runAction()
#5 /Applications/MAMP/htdocs/alumni/framework/web/CController.php(265): PostsController->runActionWithFilters()
#6 /Applications/MAMP/htdocs/alumni/framework/web/CWebApplication.php(282): PostsController->run()
#7 /Applications/MAMP/htdocs/alumni/framework/web/CWebApplication.php(141): CWebApplication->runController()
#8 /Applications/MAMP/htdocs/alumni/framework/base/CApplication.php(184): CWebApplication->processRequest()
#9 /Applications/MAMP/htdocs/alumni/index.php(13): CWebApplication->run()
REQUEST_URI=/alumni/index.php?r=frontend/posts/post_admin
in /Applications/MAMP/htdocs/alumni/protected/views/layouts/posts.php (208)
in /Applications/MAMP/htdocs/alumni/protected/controllers/frontend/PostsController.php (57)
in /Applications/MAMP/htdocs/alumni/index.php (13)
2015/07/04 16:34:18 [error] [php] Undefined index: collegiancode (/Applications/MAMP/htdocs/alumni/protected/controllers/frontend/CollegianController.php:44)
Stack trace:
#0 /Applications/MAMP/htdocs/alumni/framework/web/CController.php(286): CollegianController->runAction()
#1 /Applications/MAMP/htdocs/alumni/framework/web/CController.php(265): CollegianController->runActionWithFilters()
#2 /Applications/MAMP/htdocs/alumni/framework/web/CWebApplication.php(282): CollegianController->run()
#3 /Applications/MAMP/htdocs/alumni/framework/web/CWebApplication.php(141): CWebApplication->runController()
#4 /Applications/MAMP/htdocs/alumni/framework/base/CApplication.php(184): CWebApplication->processRequest()
#5 /Applications/MAMP/htdocs/alumni/index.php(13): CWebApplication->run()
REQUEST_URI=/alumni/index.php?r=frontend/collegian/detail_collegian
in /Applications/MAMP/htdocs/alumni/protected/controllers/frontend/CollegianController.php (44)
in /Applications/MAMP/htdocs/alumni/index.php (13)
2015/07/04 16:34:23 [error] [php] Undefined index: collegiancode (/Applications/MAMP/htdocs/alumni/protected/controllers/frontend/CollegianController.php:44)
Stack trace:
#0 /Applications/MAMP/htdocs/alumni/framework/web/CController.php(286): CollegianController->runAction()
#1 /Applications/MAMP/htdocs/alumni/framework/web/CController.php(265): CollegianController->runActionWithFilters()
#2 /Applications/MAMP/htdocs/alumni/framework/web/CWebApplication.php(282): CollegianController->run()
#3 /Applications/MAMP/htdocs/alumni/framework/web/CWebApplication.php(141): CWebApplication->runController()
#4 /Applications/MAMP/htdocs/alumni/framework/base/CApplication.php(184): CWebApplication->processRequest()
#5 /Applications/MAMP/htdocs/alumni/index.php(13): CWebApplication->run()
REQUEST_URI=/alumni/index.php?r=frontend/collegian/detail_collegian
in /Applications/MAMP/htdocs/alumni/protected/controllers/frontend/CollegianController.php (44)
in /Applications/MAMP/htdocs/alumni/index.php (13)
2015/07/04 16:34:36 [error] [php] Undefined index: collegiancode (/Applications/MAMP/htdocs/alumni/protected/controllers/frontend/CollegianController.php:44)
Stack trace:
#0 /Applications/MAMP/htdocs/alumni/framework/web/CController.php(286): CollegianController->runAction()
#1 /Applications/MAMP/htdocs/alumni/framework/web/CController.php(265): CollegianController->runActionWithFilters()
#2 /Applications/MAMP/htdocs/alumni/framework/web/CWebApplication.php(282): CollegianController->run()
#3 /Applications/MAMP/htdocs/alumni/framework/web/CWebApplication.php(141): CWebApplication->runController()
#4 /Applications/MAMP/htdocs/alumni/framework/base/CApplication.php(184): CWebApplication->processRequest()
#5 /Applications/MAMP/htdocs/alumni/index.php(13): CWebApplication->run()
REQUEST_URI=/alumni/index.php?r=frontend/collegian/detail_collegian
in /Applications/MAMP/htdocs/alumni/protected/controllers/frontend/CollegianController.php (44)
in /Applications/MAMP/htdocs/alumni/index.php (13)
2015/07/04 16:34:40 [error] [php] Undefined index: collegiancode (/Applications/MAMP/htdocs/alumni/protected/controllers/frontend/CollegianController.php:44)
Stack trace:
#0 /Applications/MAMP/htdocs/alumni/framework/web/CController.php(286): CollegianController->runAction()
#1 /Applications/MAMP/htdocs/alumni/framework/web/CController.php(265): CollegianController->runActionWithFilters()
#2 /Applications/MAMP/htdocs/alumni/framework/web/CWebApplication.php(282): CollegianController->run()
#3 /Applications/MAMP/htdocs/alumni/framework/web/CWebApplication.php(141): CWebApplication->runController()
#4 /Applications/MAMP/htdocs/alumni/framework/base/CApplication.php(184): CWebApplication->processRequest()
#5 /Applications/MAMP/htdocs/alumni/index.php(13): CWebApplication->run()
REQUEST_URI=/alumni/index.php?r=frontend/collegian/detail_collegian
in /Applications/MAMP/htdocs/alumni/protected/controllers/frontend/CollegianController.php (44)
in /Applications/MAMP/htdocs/alumni/index.php (13)
2015/07/04 18:45:31 [error] [php] Undefined index: agent_id (/Applications/MAMP/htdocs/alumni/protected/controllers/frontend/UserController.php:105)
Stack trace:
#0 /Applications/MAMP/htdocs/alumni/framework/web/CController.php(286): UserController->runAction()
#1 /Applications/MAMP/htdocs/alumni/framework/web/CController.php(265): UserController->runActionWithFilters()
#2 /Applications/MAMP/htdocs/alumni/framework/web/CWebApplication.php(282): UserController->run()
#3 /Applications/MAMP/htdocs/alumni/framework/web/CWebApplication.php(141): CWebApplication->runController()
#4 /Applications/MAMP/htdocs/alumni/framework/base/CApplication.php(184): CWebApplication->processRequest()
#5 /Applications/MAMP/htdocs/alumni/index.php(13): CWebApplication->run()
REQUEST_URI=/alumni/index.php?r=frontend/user/show_agent/4
in /Applications/MAMP/htdocs/alumni/protected/controllers/frontend/UserController.php (105)
in /Applications/MAMP/htdocs/alumni/index.php (13)
2015/07/04 19:14:59 [error] [php] Undefined index: news_id (/Applications/MAMP/htdocs/alumni/protected/controllers/CommentController.php:28)
Stack trace:
#0 /Applications/MAMP/htdocs/alumni/framework/web/CController.php(286): CommentController->runAction()
#1 /Applications/MAMP/htdocs/alumni/framework/web/CController.php(265): CommentController->runActionWithFilters()
#2 /Applications/MAMP/htdocs/alumni/framework/web/CWebApplication.php(282): CommentController->run()
#3 /Applications/MAMP/htdocs/alumni/framework/web/CWebApplication.php(141): CWebApplication->runController()
#4 /Applications/MAMP/htdocs/alumni/framework/base/CApplication.php(184): CWebApplication->processRequest()
#5 /Applications/MAMP/htdocs/alumni/index.php(13): CWebApplication->run()
REQUEST_URI=/alumni/index.php?r=comment/get_comment
in /Applications/MAMP/htdocs/alumni/protected/controllers/CommentController.php (28)
in /Applications/MAMP/htdocs/alumni/index.php (13)
2015/07/04 20:18:30 [error] [php] Undefined index: collegiancode (/Applications/MAMP/htdocs/alumni/protected/controllers/frontend/CollegianController.php:44)
Stack trace:
#0 /Applications/MAMP/htdocs/alumni/framework/web/CController.php(286): CollegianController->runAction()
#1 /Applications/MAMP/htdocs/alumni/framework/web/CController.php(265): CollegianController->runActionWithFilters()
#2 /Applications/MAMP/htdocs/alumni/framework/web/CWebApplication.php(282): CollegianController->run()
#3 /Applications/MAMP/htdocs/alumni/framework/web/CWebApplication.php(141): CWebApplication->runController()
#4 /Applications/MAMP/htdocs/alumni/framework/base/CApplication.php(184): CWebApplication->processRequest()
#5 /Applications/MAMP/htdocs/alumni/index.php(13): CWebApplication->run()
REQUEST_URI=/alumni/index.php?r=frontend/collegian/detail_collegian
in /Applications/MAMP/htdocs/alumni/protected/controllers/frontend/CollegianController.php (44)
in /Applications/MAMP/htdocs/alumni/index.php (13)
2015/07/05 08:08:44 [error] [exception.CDbException] exception 'CDbException' with message 'CDbConnection failed to open the DB connection: SQLSTATE[HY000] [2003] Can't connect to MySQL server on '122.154.239.67' (4)' in /Applications/MAMP/htdocs/alumni/framework/db/CDbConnection.php:399
Stack trace:
#0 /Applications/MAMP/htdocs/alumni/framework/db/CDbConnection.php(347): CDbConnection->open()
#1 /Applications/MAMP/htdocs/alumni/framework/db/CDbConnection.php(325): CDbConnection->setActive(true)
#2 /Applications/MAMP/htdocs/alumni/framework/base/CModule.php(394): CDbConnection->init()
#3 /Applications/MAMP/htdocs/alumni/framework/base/CApplication.php(458): CModule->getComponent('db')
#4 /Applications/MAMP/htdocs/alumni/framework/db/ar/CActiveRecord.php(637): CApplication->getDb()
#5 /Applications/MAMP/htdocs/alumni/framework/db/ar/CActiveRecord.php(2384): CActiveRecord->getDbConnection()
#6 /Applications/MAMP/htdocs/alumni/framework/db/ar/CActiveRecord.php(411): CActiveRecordMetaData->__construct(Object(Codeline))
#7 /Applications/MAMP/htdocs/alumni/framework/db/ar/CActiveRecord.php(79): CActiveRecord->getMetaData()
#8 /Applications/MAMP/htdocs/alumni/protected/controllers/frontend/CollegianController.php(167): CActiveRecord->__construct()
#9 /Applications/MAMP/htdocs/alumni/framework/web/actions/CInlineAction.php(49): CollegianController->actionCodeline_up_3level()
#10 /Applications/MAMP/htdocs/alumni/framework/web/CController.php(308): CInlineAction->runWithParams(Array)
#11 /Applications/MAMP/htdocs/alumni/framework/web/CController.php(286): CController->runAction(Object(CInlineAction))
#12 /Applications/MAMP/htdocs/alumni/framework/web/CController.php(265): CController->runActionWithFilters(Object(CInlineAction), Array)
#13 /Applications/MAMP/htdocs/alumni/framework/web/CWebApplication.php(282): CController->run('Codeline_up_3le...')
#14 /Applications/MAMP/htdocs/alumni/framework/web/CWebApplication.php(141): CWebApplication->runController('frontend/Colleg...')
#15 /Applications/MAMP/htdocs/alumni/framework/base/CApplication.php(184): CWebApplication->processRequest()
#16 /Applications/MAMP/htdocs/alumni/index.php(13): CApplication->run()
#17 {main}
REQUEST_URI=/alumni/index.php?r=frontend/Collegian/Codeline_up_3level&collegian_code=1231231231234
---
2015/07/05 09:03:06 [error] [php] Undefined variable: seniorAll (/Applications/MAMP/htdocs/alumni/protected/models/Codeline.php:124)
Stack trace:
#0 /Applications/MAMP/htdocs/alumni/framework/web/CBaseController.php(95): CollegianController->renderInternal()
#1 /Applications/MAMP/htdocs/alumni/framework/web/CController.php(869): CollegianController->renderFile()
#2 /Applications/MAMP/htdocs/alumni/protected/controllers/frontend/CollegianController.php(162): CollegianController->renderPartial()
#3 /Applications/MAMP/htdocs/alumni/framework/web/actions/CInlineAction.php(49): CollegianController->actionCodeline_up1()
#4 /Applications/MAMP/htdocs/alumni/framework/web/CController.php(308): CInlineAction->runWithParams()
#5 /Applications/MAMP/htdocs/alumni/framework/web/CController.php(286): CollegianController->runAction()
#6 /Applications/MAMP/htdocs/alumni/framework/web/CController.php(265): CollegianController->runActionWithFilters()
#7 /Applications/MAMP/htdocs/alumni/framework/web/CWebApplication.php(282): CollegianController->run()
#8 /Applications/MAMP/htdocs/alumni/framework/web/CWebApplication.php(141): CWebApplication->runController()
#9 /Applications/MAMP/htdocs/alumni/framework/base/CApplication.php(184): CWebApplication->processRequest()
#10 /Applications/MAMP/htdocs/alumni/index.php(13): CWebApplication->run()
REQUEST_URI=/alumni/index.php?r=frontend/collegian/codeline_up1
in /Applications/MAMP/htdocs/alumni/protected/models/Codeline.php (124)
in /Applications/MAMP/htdocs/alumni/protected/views/codeline/codeline_up1.php (40)
in /Applications/MAMP/htdocs/alumni/protected/controllers/frontend/CollegianController.php (162)
2015/07/05 10:11:05 [error] [php] Illegal string offset 'name' (/Applications/MAMP/htdocs/alumni/protected/models/Codeline.php:126)
Stack trace:
#0 /Applications/MAMP/htdocs/alumni/framework/web/CBaseController.php(95): CollegianController->renderInternal()
#1 /Applications/MAMP/htdocs/alumni/framework/web/CController.php(869): CollegianController->renderFile()
#2 /Applications/MAMP/htdocs/alumni/protected/controllers/frontend/CollegianController.php(162): CollegianController->renderPartial()
#3 /Applications/MAMP/htdocs/alumni/framework/web/actions/CInlineAction.php(49): CollegianController->actionCodeline_up1()
#4 /Applications/MAMP/htdocs/alumni/framework/web/CController.php(308): CInlineAction->runWithParams()
#5 /Applications/MAMP/htdocs/alumni/framework/web/CController.php(286): CollegianController->runAction()
#6 /Applications/MAMP/htdocs/alumni/framework/web/CController.php(265): CollegianController->runActionWithFilters()
#7 /Applications/MAMP/htdocs/alumni/framework/web/CWebApplication.php(282): CollegianController->run()
#8 /Applications/MAMP/htdocs/alumni/framework/web/CWebApplication.php(141): CWebApplication->runController()
#9 /Applications/MAMP/htdocs/alumni/framework/base/CApplication.php(184): CWebApplication->processRequest()
#10 /Applications/MAMP/htdocs/alumni/index.php(13): CWebApplication->run()
REQUEST_URI=/alumni/index.php?r=frontend/collegian/codeline_up1
in /Applications/MAMP/htdocs/alumni/protected/models/Codeline.php (126)
in /Applications/MAMP/htdocs/alumni/protected/views/codeline/codeline_up1.php (40)
in /Applications/MAMP/htdocs/alumni/protected/controllers/frontend/CollegianController.php (162)
2015/07/05 10:23:37 [error] [php] Undefined index: collegian_code (/Applications/MAMP/htdocs/alumni/protected/models/Codeline.php:127)
Stack trace:
#0 /Applications/MAMP/htdocs/alumni/framework/web/CBaseController.php(95): CollegianController->renderInternal()
#1 /Applications/MAMP/htdocs/alumni/framework/web/CController.php(869): CollegianController->renderFile()
#2 /Applications/MAMP/htdocs/alumni/protected/controllers/frontend/CollegianController.php(162): CollegianController->renderPartial()
#3 /Applications/MAMP/htdocs/alumni/framework/web/actions/CInlineAction.php(49): CollegianController->actionCodeline_up1()
#4 /Applications/MAMP/htdocs/alumni/framework/web/CController.php(308): CInlineAction->runWithParams()
#5 /Applications/MAMP/htdocs/alumni/framework/web/CController.php(286): CollegianController->runAction()
#6 /Applications/MAMP/htdocs/alumni/framework/web/CController.php(265): CollegianController->runActionWithFilters()
#7 /Applications/MAMP/htdocs/alumni/framework/web/CWebApplication.php(282): CollegianController->run()
#8 /Applications/MAMP/htdocs/alumni/framework/web/CWebApplication.php(141): CWebApplication->runController()
#9 /Applications/MAMP/htdocs/alumni/framework/base/CApplication.php(184): CWebApplication->processRequest()
#10 /Applications/MAMP/htdocs/alumni/index.php(13): CWebApplication->run()
REQUEST_URI=/alumni/index.php?r=frontend/collegian/codeline_up1
in /Applications/MAMP/htdocs/alumni/protected/models/Codeline.php (127)
in /Applications/MAMP/htdocs/alumni/protected/views/codeline/codeline_up1.php (40)
in /Applications/MAMP/htdocs/alumni/protected/controllers/frontend/CollegianController.php (162)
2015/07/05 10:24:40 [error] [php] Undefined index: collegian_code (/Applications/MAMP/htdocs/alumni/protected/controllers/frontend/CollegianController.php:158)
Stack trace:
#0 /Applications/MAMP/htdocs/alumni/framework/web/CController.php(286): CollegianController->runAction()
#1 /Applications/MAMP/htdocs/alumni/framework/web/CController.php(265): CollegianController->runActionWithFilters()
#2 /Applications/MAMP/htdocs/alumni/framework/web/CWebApplication.php(282): CollegianController->run()
#3 /Applications/MAMP/htdocs/alumni/framework/web/CWebApplication.php(141): CWebApplication->runController()
#4 /Applications/MAMP/htdocs/alumni/framework/base/CApplication.php(184): CWebApplication->processRequest()
#5 /Applications/MAMP/htdocs/alumni/index.php(13): CWebApplication->run()
REQUEST_URI=/alumni/index.php?r=frontend/collegian/codeline_up1
in /Applications/MAMP/htdocs/alumni/protected/controllers/frontend/CollegianController.php (158)
in /Applications/MAMP/htdocs/alumni/index.php (13)
2015/07/05 10:24:49 [error] [php] Undefined index: collegian_code (/Applications/MAMP/htdocs/alumni/protected/models/Codeline.php:127)
Stack trace:
#0 /Applications/MAMP/htdocs/alumni/framework/web/CBaseController.php(95): CollegianController->renderInternal()
#1 /Applications/MAMP/htdocs/alumni/framework/web/CController.php(869): CollegianController->renderFile()
#2 /Applications/MAMP/htdocs/alumni/protected/controllers/frontend/CollegianController.php(162): CollegianController->renderPartial()
#3 /Applications/MAMP/htdocs/alumni/framework/web/actions/CInlineAction.php(49): CollegianController->actionCodeline_up1()
#4 /Applications/MAMP/htdocs/alumni/framework/web/CController.php(308): CInlineAction->runWithParams()
#5 /Applications/MAMP/htdocs/alumni/framework/web/CController.php(286): CollegianController->runAction()
#6 /Applications/MAMP/htdocs/alumni/framework/web/CController.php(265): CollegianController->runActionWithFilters()
#7 /Applications/MAMP/htdocs/alumni/framework/web/CWebApplication.php(282): CollegianController->run()
#8 /Applications/MAMP/htdocs/alumni/framework/web/CWebApplication.php(141): CWebApplication->runController()
#9 /Applications/MAMP/htdocs/alumni/framework/base/CApplication.php(184): CWebApplication->processRequest()
#10 /Applications/MAMP/htdocs/alumni/index.php(13): CWebApplication->run()
REQUEST_URI=/alumni/index.php?r=frontend/collegian/codeline_up1
in /Applications/MAMP/htdocs/alumni/protected/models/Codeline.php (127)
in /Applications/MAMP/htdocs/alumni/protected/views/codeline/codeline_up1.php (40)
in /Applications/MAMP/htdocs/alumni/protected/controllers/frontend/CollegianController.php (162)
2015/07/05 10:25:49 [error] [php] Undefined variable: senior (/Applications/MAMP/htdocs/alumni/protected/models/Codeline.php:152)
Stack trace:
#0 /Applications/MAMP/htdocs/alumni/framework/web/CBaseController.php(126): require()
#1 /Applications/MAMP/htdocs/alumni/framework/web/CBaseController.php(95): CollegianController->renderInternal()
#2 /Applications/MAMP/htdocs/alumni/framework/web/CController.php(869): CollegianController->renderFile()
#3 /Applications/MAMP/htdocs/alumni/protected/controllers/frontend/CollegianController.php(162): CollegianController->renderPartial()
#4 /Applications/MAMP/htdocs/alumni/framework/web/actions/CInlineAction.php(49): CollegianController->actionCodeline_up1()
#5 /Applications/MAMP/htdocs/alumni/framework/web/CController.php(308): CInlineAction->runWithParams()
#6 /Applications/MAMP/htdocs/alumni/framework/web/CController.php(286): CollegianController->runAction()
#7 /Applications/MAMP/htdocs/alumni/framework/web/CController.php(265): CollegianController->runActionWithFilters()
#8 /Applications/MAMP/htdocs/alumni/framework/web/CWebApplication.php(282): CollegianController->run()
#9 /Applications/MAMP/htdocs/alumni/framework/web/CWebApplication.php(141): CWebApplication->runController()
#10 /Applications/MAMP/htdocs/alumni/framework/base/CApplication.php(184): CWebApplication->processRequest()
#11 /Applications/MAMP/htdocs/alumni/index.php(13): CWebApplication->run()
REQUEST_URI=/alumni/index.php?r=frontend/collegian/codeline_up1
in /Applications/MAMP/htdocs/alumni/protected/models/Codeline.php (152)
in /Applications/MAMP/htdocs/alumni/protected/models/Codeline.php (127)
in /Applications/MAMP/htdocs/alumni/protected/views/codeline/codeline_up1.php (40)
2015/07/05 10:27:01 [error] [php] Undefined variable: seniorL3 (/Applications/MAMP/htdocs/alumni/protected/models/Codeline.php:152)
Stack trace:
#0 /Applications/MAMP/htdocs/alumni/framework/web/CBaseController.php(126): require()
#1 /Applications/MAMP/htdocs/alumni/framework/web/CBaseController.php(95): CollegianController->renderInternal()
#2 /Applications/MAMP/htdocs/alumni/framework/web/CController.php(869): CollegianController->renderFile()
#3 /Applications/MAMP/htdocs/alumni/protected/controllers/frontend/CollegianController.php(162): CollegianController->renderPartial()
#4 /Applications/MAMP/htdocs/alumni/framework/web/actions/CInlineAction.php(49): CollegianController->actionCodeline_up1()
#5 /Applications/MAMP/htdocs/alumni/framework/web/CController.php(308): CInlineAction->runWithParams()
#6 /Applications/MAMP/htdocs/alumni/framework/web/CController.php(286): CollegianController->runAction()
#7 /Applications/MAMP/htdocs/alumni/framework/web/CController.php(265): CollegianController->runActionWithFilters()
#8 /Applications/MAMP/htdocs/alumni/framework/web/CWebApplication.php(282): CollegianController->run()
#9 /Applications/MAMP/htdocs/alumni/framework/web/CWebApplication.php(141): CWebApplication->runController()
#10 /Applications/MAMP/htdocs/alumni/framework/base/CApplication.php(184): CWebApplication->processRequest()
#11 /Applications/MAMP/htdocs/alumni/index.php(13): CWebApplication->run()
REQUEST_URI=/alumni/index.php?r=frontend/collegian/codeline_up1
in /Applications/MAMP/htdocs/alumni/protected/models/Codeline.php (152)
in /Applications/MAMP/htdocs/alumni/protected/models/Codeline.php (127)
in /Applications/MAMP/htdocs/alumni/protected/views/codeline/codeline_up1.php (40)
2015/07/05 10:27:29 [error] [php] Illegal string offset 'name' (/Applications/MAMP/htdocs/alumni/protected/models/Codeline.php:154)
Stack trace:
#0 /Applications/MAMP/htdocs/alumni/framework/web/CBaseController.php(126): require()
#1 /Applications/MAMP/htdocs/alumni/framework/web/CBaseController.php(95): CollegianController->renderInternal()
#2 /Applications/MAMP/htdocs/alumni/framework/web/CController.php(869): CollegianController->renderFile()
#3 /Applications/MAMP/htdocs/alumni/protected/controllers/frontend/CollegianController.php(162): CollegianController->renderPartial()
#4 /Applications/MAMP/htdocs/alumni/framework/web/actions/CInlineAction.php(49): CollegianController->actionCodeline_up1()
#5 /Applications/MAMP/htdocs/alumni/framework/web/CController.php(308): CInlineAction->runWithParams()
#6 /Applications/MAMP/htdocs/alumni/framework/web/CController.php(286): CollegianController->runAction()
#7 /Applications/MAMP/htdocs/alumni/framework/web/CController.php(265): CollegianController->runActionWithFilters()
#8 /Applications/MAMP/htdocs/alumni/framework/web/CWebApplication.php(282): CollegianController->run()
#9 /Applications/MAMP/htdocs/alumni/framework/web/CWebApplication.php(141): CWebApplication->runController()
#10 /Applications/MAMP/htdocs/alumni/framework/base/CApplication.php(184): CWebApplication->processRequest()
#11 /Applications/MAMP/htdocs/alumni/index.php(13): CWebApplication->run()
REQUEST_URI=/alumni/index.php?r=frontend/collegian/codeline_up1
in /Applications/MAMP/htdocs/alumni/protected/models/Codeline.php (154)
in /Applications/MAMP/htdocs/alumni/protected/models/Codeline.php (127)
in /Applications/MAMP/htdocs/alumni/protected/views/codeline/codeline_up1.php (40)
2015/07/05 10:57:55 [error] [exception.CDbException] exception 'CDbException' with message 'CDbConnection failed to open the DB connection: SQLSTATE[HY000] [2013] Lost connection to MySQL server at 'reading authorization packet', system error: 0' in /Applications/MAMP/htdocs/alumni/framework/db/CDbConnection.php:399
Stack trace:
#0 /Applications/MAMP/htdocs/alumni/framework/db/CDbConnection.php(347): CDbConnection->open()
#1 /Applications/MAMP/htdocs/alumni/framework/db/CDbConnection.php(325): CDbConnection->setActive(true)
#2 /Applications/MAMP/htdocs/alumni/framework/base/CModule.php(394): CDbConnection->init()
#3 /Applications/MAMP/htdocs/alumni/framework/base/CApplication.php(458): CModule->getComponent('db')
#4 /Applications/MAMP/htdocs/alumni/framework/db/ar/CActiveRecord.php(637): CApplication->getDb()
#5 /Applications/MAMP/htdocs/alumni/framework/db/ar/CActiveRecord.php(2384): CActiveRecord->getDbConnection()
#6 /Applications/MAMP/htdocs/alumni/framework/db/ar/CActiveRecord.php(411): CActiveRecordMetaData->__construct(Object(Collegian))
#7 /Applications/MAMP/htdocs/alumni/framework/db/ar/CActiveRecord.php(79): CActiveRecord->getMetaData()
#8 /Applications/MAMP/htdocs/alumni/protected/controllers/frontend/CollegianController.php(16): CActiveRecord->__construct()
#9 /Applications/MAMP/htdocs/alumni/framework/web/actions/CInlineAction.php(49): CollegianController->actionProfile()
#10 /Applications/MAMP/htdocs/alumni/framework/web/CController.php(308): CInlineAction->runWithParams(Array)
#11 /Applications/MAMP/htdocs/alumni/framework/web/CController.php(286): CController->runAction(Object(CInlineAction))
#12 /Applications/MAMP/htdocs/alumni/framework/web/CController.php(265): CController->runActionWithFilters(Object(CInlineAction), Array)
#13 /Applications/MAMP/htdocs/alumni/framework/web/CWebApplication.php(282): CController->run('Profile')
#14 /Applications/MAMP/htdocs/alumni/framework/web/CWebApplication.php(141): CWebApplication->runController('frontend/Colleg...')
#15 /Applications/MAMP/htdocs/alumni/framework/base/CApplication.php(184): CWebApplication->processRequest()
#16 /Applications/MAMP/htdocs/alumni/index.php(13): CApplication->run()
#17 {main}
REQUEST_URI=/alumni/index.php?r=frontend/Collegian/Profile&collegian_code=1234567891230
HTTP_REFERER=http://localhost/alumni/index.php?r=site/main
---
2015/07/05 11:52:58 [error] [php] Undefined variable: seniorAll (/Applications/MAMP/htdocs/alumni/protected/models/Codeline.php:146)
Stack trace:
#0 /Applications/MAMP/htdocs/alumni/framework/web/CBaseController.php(95): CollegianController->renderInternal()
#1 /Applications/MAMP/htdocs/alumni/framework/web/CController.php(869): CollegianController->renderFile()
#2 /Applications/MAMP/htdocs/alumni/protected/controllers/frontend/CollegianController.php(162): CollegianController->renderPartial()
#3 /Applications/MAMP/htdocs/alumni/framework/web/actions/CInlineAction.php(49): CollegianController->actionCodeline_up1()
#4 /Applications/MAMP/htdocs/alumni/framework/web/CController.php(308): CInlineAction->runWithParams()
#5 /Applications/MAMP/htdocs/alumni/framework/web/CController.php(286): CollegianController->runAction()
#6 /Applications/MAMP/htdocs/alumni/framework/web/CController.php(265): CollegianController->runActionWithFilters()
#7 /Applications/MAMP/htdocs/alumni/framework/web/CWebApplication.php(282): CollegianController->run()
#8 /Applications/MAMP/htdocs/alumni/framework/web/CWebApplication.php(141): CWebApplication->runController()
#9 /Applications/MAMP/htdocs/alumni/framework/base/CApplication.php(184): CWebApplication->processRequest()
#10 /Applications/MAMP/htdocs/alumni/index.php(13): CWebApplication->run()
REQUEST_URI=/alumni/index.php?r=frontend/collegian/codeline_up1
in /Applications/MAMP/htdocs/alumni/protected/models/Codeline.php (146)
in /Applications/MAMP/htdocs/alumni/protected/views/codeline/codeline_up1.php (33)
in /Applications/MAMP/htdocs/alumni/protected/controllers/frontend/CollegianController.php (162)
2015/07/05 11:53:05 [error] [exception.CDbException] exception 'CDbException' with message 'CDbConnection failed to open the DB connection: SQLSTATE[HY000] [2003] Can't connect to MySQL server on '122.154.239.67' (60)' in /Applications/MAMP/htdocs/alumni/framework/db/CDbConnection.php:399
Stack trace:
#0 /Applications/MAMP/htdocs/alumni/framework/db/CDbConnection.php(347): CDbConnection->open()
#1 /Applications/MAMP/htdocs/alumni/framework/db/CDbConnection.php(325): CDbConnection->setActive(true)
#2 /Applications/MAMP/htdocs/alumni/framework/base/CModule.php(394): CDbConnection->init()
#3 /Applications/MAMP/htdocs/alumni/framework/base/CApplication.php(458): CModule->getComponent('db')
#4 /Applications/MAMP/htdocs/alumni/framework/db/ar/CActiveRecord.php(637): CApplication->getDb()
#5 /Applications/MAMP/htdocs/alumni/framework/db/ar/CActiveRecord.php(2384): CActiveRecord->getDbConnection()
#6 /Applications/MAMP/htdocs/alumni/framework/db/ar/CActiveRecord.php(411): CActiveRecordMetaData->__construct(Object(Collegian))
#7 /Applications/MAMP/htdocs/alumni/framework/db/ar/CActiveRecord.php(79): CActiveRecord->getMetaData()
#8 /Applications/MAMP/htdocs/alumni/protected/controllers/frontend/CollegianController.php(52): CActiveRecord->__construct()
#9 /Applications/MAMP/htdocs/alumni/framework/web/actions/CInlineAction.php(49): CollegianController->actionImg_profile()
#10 /Applications/MAMP/htdocs/alumni/framework/web/CController.php(308): CInlineAction->runWithParams(Array)
#11 /Applications/MAMP/htdocs/alumni/framework/web/CController.php(286): CController->runAction(Object(CInlineAction))
#12 /Applications/MAMP/htdocs/alumni/framework/web/CController.php(265): CController->runActionWithFilters(Object(CInlineAction), Array)
#13 /Applications/MAMP/htdocs/alumni/framework/web/CWebApplication.php(282): CController->run('img_profile')
#14 /Applications/MAMP/htdocs/alumni/framework/web/CWebApplication.php(141): CWebApplication->runController('frontend/colleg...')
#15 /Applications/MAMP/htdocs/alumni/framework/base/CApplication.php(184): CWebApplication->processRequest()
#16 /Applications/MAMP/htdocs/alumni/index.php(13): CApplication->run()
#17 {main}
REQUEST_URI=/alumni/index.php?r=frontend/collegian/img_profile
HTTP_REFERER=http://localhost/alumni/index.php?r=frontend/Collegian/Profile&collegian_code=1234567891230
---
2015/07/05 11:53:43 [error] [php] Undefined index: collegian_code (/Applications/MAMP/htdocs/alumni/protected/controllers/frontend/CollegianController.php:158)
Stack trace:
#0 /Applications/MAMP/htdocs/alumni/framework/web/CController.php(286): CollegianController->runAction()
#1 /Applications/MAMP/htdocs/alumni/framework/web/CController.php(265): CollegianController->runActionWithFilters()
#2 /Applications/MAMP/htdocs/alumni/framework/web/CWebApplication.php(282): CollegianController->run()
#3 /Applications/MAMP/htdocs/alumni/framework/web/CWebApplication.php(141): CWebApplication->runController()
#4 /Applications/MAMP/htdocs/alumni/framework/base/CApplication.php(184): CWebApplication->processRequest()
#5 /Applications/MAMP/htdocs/alumni/index.php(13): CWebApplication->run()
REQUEST_URI=/alumni/index.php?r=frontend/collegian/codeline_up1
in /Applications/MAMP/htdocs/alumni/protected/controllers/frontend/CollegianController.php (158)
in /Applications/MAMP/htdocs/alumni/index.php (13)
2015/07/05 11:54:20 [error] [php] Undefined index: collegian_code (/Applications/MAMP/htdocs/alumni/protected/controllers/frontend/CollegianController.php:158)
Stack trace:
#0 /Applications/MAMP/htdocs/alumni/framework/web/CController.php(286): CollegianController->runAction()
#1 /Applications/MAMP/htdocs/alumni/framework/web/CController.php(265): CollegianController->runActionWithFilters()
#2 /Applications/MAMP/htdocs/alumni/framework/web/CWebApplication.php(282): CollegianController->run()
#3 /Applications/MAMP/htdocs/alumni/framework/web/CWebApplication.php(141): CWebApplication->runController()
#4 /Applications/MAMP/htdocs/alumni/framework/base/CApplication.php(184): CWebApplication->processRequest()
#5 /Applications/MAMP/htdocs/alumni/index.php(13): CWebApplication->run()
REQUEST_URI=/alumni/index.php?r=frontend/collegian/codeline_up1
in /Applications/MAMP/htdocs/alumni/protected/controllers/frontend/CollegianController.php (158)
in /Applications/MAMP/htdocs/alumni/index.php (13)
2015/07/05 11:54:25 [error] [php] Undefined variable: seniorAll (/Applications/MAMP/htdocs/alumni/protected/models/Codeline.php:146)
Stack trace:
#0 /Applications/MAMP/htdocs/alumni/framework/web/CBaseController.php(95): CollegianController->renderInternal()
#1 /Applications/MAMP/htdocs/alumni/framework/web/CController.php(869): CollegianController->renderFile()
#2 /Applications/MAMP/htdocs/alumni/protected/controllers/frontend/CollegianController.php(162): CollegianController->renderPartial()
#3 /Applications/MAMP/htdocs/alumni/framework/web/actions/CInlineAction.php(49): CollegianController->actionCodeline_up1()
#4 /Applications/MAMP/htdocs/alumni/framework/web/CController.php(308): CInlineAction->runWithParams()
#5 /Applications/MAMP/htdocs/alumni/framework/web/CController.php(286): CollegianController->runAction()
#6 /Applications/MAMP/htdocs/alumni/framework/web/CController.php(265): CollegianController->runActionWithFilters()
#7 /Applications/MAMP/htdocs/alumni/framework/web/CWebApplication.php(282): CollegianController->run()
#8 /Applications/MAMP/htdocs/alumni/framework/web/CWebApplication.php(141): CWebApplication->runController()
#9 /Applications/MAMP/htdocs/alumni/framework/base/CApplication.php(184): CWebApplication->processRequest()
#10 /Applications/MAMP/htdocs/alumni/index.php(13): CWebApplication->run()
REQUEST_URI=/alumni/index.php?r=frontend/collegian/codeline_up1
in /Applications/MAMP/htdocs/alumni/protected/models/Codeline.php (146)
in /Applications/MAMP/htdocs/alumni/protected/views/codeline/codeline_up1.php (33)
in /Applications/MAMP/htdocs/alumni/protected/controllers/frontend/CollegianController.php (162)
2015/07/19 10:51:42 [error] [php] Undefined index: GenNumber (/Applications/MAMP/htdocs/alumni/protected/views/frontend/search/result_all.php:56)
Stack trace:
#0 /Applications/MAMP/htdocs/alumni/framework/web/CController.php(869): SearchController->renderFile()
#1 /Applications/MAMP/htdocs/alumni/protected/controllers/frontend/SearchController.php(122): SearchController->renderPartial()
#2 /Applications/MAMP/htdocs/alumni/framework/web/actions/CInlineAction.php(49): SearchController->actionSearchAll()
#3 /Applications/MAMP/htdocs/alumni/framework/web/CController.php(308): CInlineAction->runWithParams()
#4 /Applications/MAMP/htdocs/alumni/framework/web/CController.php(286): SearchController->runAction()
#5 /Applications/MAMP/htdocs/alumni/framework/web/CController.php(265): SearchController->runActionWithFilters()
#6 /Applications/MAMP/htdocs/alumni/framework/web/CWebApplication.php(282): SearchController->run()
#7 /Applications/MAMP/htdocs/alumni/framework/web/CWebApplication.php(141): CWebApplication->runController()
#8 /Applications/MAMP/htdocs/alumni/framework/base/CApplication.php(184): CWebApplication->processRequest()
#9 /Applications/MAMP/htdocs/alumni/index.php(13): CWebApplication->run()
REQUEST_URI=/alumni/index.php?r=frontend/Search/SearchAll
in /Applications/MAMP/htdocs/alumni/protected/views/frontend/search/result_all.php (56)
in /Applications/MAMP/htdocs/alumni/protected/controllers/frontend/SearchController.php (122)
in /Applications/MAMP/htdocs/alumni/index.php (13)
2015/07/19 10:51:55 [error] [php] Undefined index: changwat (/Applications/MAMP/htdocs/alumni/protected/controllers/frontend/SearchController.php:24)
Stack trace:
#0 /Applications/MAMP/htdocs/alumni/framework/web/CController.php(286): SearchController->runAction()
#1 /Applications/MAMP/htdocs/alumni/framework/web/CController.php(265): SearchController->runActionWithFilters()
#2 /Applications/MAMP/htdocs/alumni/framework/web/CWebApplication.php(282): SearchController->run()
#3 /Applications/MAMP/htdocs/alumni/framework/web/CWebApplication.php(141): CWebApplication->runController()
#4 /Applications/MAMP/htdocs/alumni/framework/base/CApplication.php(184): CWebApplication->processRequest()
#5 /Applications/MAMP/htdocs/alumni/index.php(13): CWebApplication->run()
REQUEST_URI=/alumni/index.php?r=frontend/Search/SearchAll
in /Applications/MAMP/htdocs/alumni/protected/controllers/frontend/SearchController.php (24)
in /Applications/MAMP/htdocs/alumni/index.php (13)
2015/07/19 10:52:13 [error] [php] Undefined index: GenNumber (/Applications/MAMP/htdocs/alumni/protected/views/frontend/search/result_all.php:56)
Stack trace:
#0 /Applications/MAMP/htdocs/alumni/framework/web/CController.php(869): SearchController->renderFile()
#1 /Applications/MAMP/htdocs/alumni/protected/controllers/frontend/SearchController.php(122): SearchController->renderPartial()
#2 /Applications/MAMP/htdocs/alumni/framework/web/actions/CInlineAction.php(49): SearchController->actionSearchAll()
#3 /Applications/MAMP/htdocs/alumni/framework/web/CController.php(308): CInlineAction->runWithParams()
#4 /Applications/MAMP/htdocs/alumni/framework/web/CController.php(286): SearchController->runAction()
#5 /Applications/MAMP/htdocs/alumni/framework/web/CController.php(265): SearchController->runActionWithFilters()
#6 /Applications/MAMP/htdocs/alumni/framework/web/CWebApplication.php(282): SearchController->run()
#7 /Applications/MAMP/htdocs/alumni/framework/web/CWebApplication.php(141): CWebApplication->runController()
#8 /Applications/MAMP/htdocs/alumni/framework/base/CApplication.php(184): CWebApplication->processRequest()
#9 /Applications/MAMP/htdocs/alumni/index.php(13): CWebApplication->run()
REQUEST_URI=/alumni/index.php?r=frontend/Search/SearchAll
in /Applications/MAMP/htdocs/alumni/protected/views/frontend/search/result_all.php (56)
in /Applications/MAMP/htdocs/alumni/protected/controllers/frontend/SearchController.php (122)
in /Applications/MAMP/htdocs/alumni/index.php (13)
2015/07/19 11:07:29 [error] [php] Undefined index: GenNumber (/Applications/MAMP/htdocs/alumni/protected/models/Codeline.php:140)
Stack trace:
#0 /Applications/MAMP/htdocs/alumni/framework/web/CBaseController.php(95): CollegianController->renderInternal()
#1 /Applications/MAMP/htdocs/alumni/framework/web/CController.php(869): CollegianController->renderFile()
#2 /Applications/MAMP/htdocs/alumni/protected/controllers/frontend/CollegianController.php(162): CollegianController->renderPartial()
#3 /Applications/MAMP/htdocs/alumni/framework/web/actions/CInlineAction.php(49): CollegianController->actionCodeline_up1()
#4 /Applications/MAMP/htdocs/alumni/framework/web/CController.php(308): CInlineAction->runWithParams()
#5 /Applications/MAMP/htdocs/alumni/framework/web/CController.php(286): CollegianController->runAction()
#6 /Applications/MAMP/htdocs/alumni/framework/web/CController.php(265): CollegianController->runActionWithFilters()
#7 /Applications/MAMP/htdocs/alumni/framework/web/CWebApplication.php(282): CollegianController->run()
#8 /Applications/MAMP/htdocs/alumni/framework/web/CWebApplication.php(141): CWebApplication->runController()
#9 /Applications/MAMP/htdocs/alumni/framework/base/CApplication.php(184): CWebApplication->processRequest()
#10 /Applications/MAMP/htdocs/alumni/index.php(13): CWebApplication->run()
REQUEST_URI=/alumni/index.php?r=frontend/collegian/codeline_up1
in /Applications/MAMP/htdocs/alumni/protected/models/Codeline.php (140)
in /Applications/MAMP/htdocs/alumni/protected/views/codeline/codeline_up1.php (33)
in /Applications/MAMP/htdocs/alumni/protected/controllers/frontend/CollegianController.php (162)
2015/07/19 11:17:28 [error] [exception.CHttpException.404] exception 'CHttpException' with message 'The system is unable to find the requested action "login".' in /Applications/MAMP/htdocs/alumni/framework/web/CController.php:483
Stack trace:
#0 /Applications/MAMP/htdocs/alumni/framework/web/CController.php(270): CController->missingAction('login')
#1 /Applications/MAMP/htdocs/alumni/framework/web/CWebApplication.php(282): CController->run('login')
#2 /Applications/MAMP/htdocs/alumni/framework/web/CWebApplication.php(141): CWebApplication->runController('frontend/colleg...')
#3 /Applications/MAMP/htdocs/alumni/framework/base/CApplication.php(184): CWebApplication->processRequest()
#4 /Applications/MAMP/htdocs/alumni/index.php(13): CApplication->run()
#5 {main}
REQUEST_URI=/alumni/index.php?r=frontend/collegian/login
HTTP_REFERER=http://localhost/alumni/index.php?r=site/main
---
2015/07/19 11:17:35 [error] [exception.CHttpException.404] exception 'CHttpException' with message 'The system is unable to find the requested action "login".' in /Applications/MAMP/htdocs/alumni/framework/web/CController.php:483
Stack trace:
#0 /Applications/MAMP/htdocs/alumni/framework/web/CController.php(270): CController->missingAction('login')
#1 /Applications/MAMP/htdocs/alumni/framework/web/CWebApplication.php(282): CController->run('login')
#2 /Applications/MAMP/htdocs/alumni/framework/web/CWebApplication.php(141): CWebApplication->runController('frontend/colleg...')
#3 /Applications/MAMP/htdocs/alumni/framework/base/CApplication.php(184): CWebApplication->processRequest()
#4 /Applications/MAMP/htdocs/alumni/index.php(13): CApplication->run()
#5 {main}
REQUEST_URI=/alumni/index.php?r=frontend/collegian/login
HTTP_REFERER=http://localhost/alumni/index.php?r=site/main
---
2015/07/19 11:19:32 [error] [exception.CHttpException.404] exception 'CHttpException' with message 'The system is unable to find the requested action "login".' in /Applications/MAMP/htdocs/alumni/framework/web/CController.php:483
Stack trace:
#0 /Applications/MAMP/htdocs/alumni/framework/web/CController.php(270): CController->missingAction('login')
#1 /Applications/MAMP/htdocs/alumni/framework/web/CWebApplication.php(282): CController->run('login')
#2 /Applications/MAMP/htdocs/alumni/framework/web/CWebApplication.php(141): CWebApplication->runController('frontend/colleg...')
#3 /Applications/MAMP/htdocs/alumni/framework/base/CApplication.php(184): CWebApplication->processRequest()
#4 /Applications/MAMP/htdocs/alumni/index.php(13): CApplication->run()
#5 {main}
REQUEST_URI=/alumni/index.php?r=frontend/collegian/login
HTTP_REFERER=http://localhost/alumni/index.php?r=site/main
---
2015/07/19 11:19:35 [error] [exception.CHttpException.404] exception 'CHttpException' with message 'The system is unable to find the requested action "login".' in /Applications/MAMP/htdocs/alumni/framework/web/CController.php:483
Stack trace:
#0 /Applications/MAMP/htdocs/alumni/framework/web/CController.php(270): CController->missingAction('login')
#1 /Applications/MAMP/htdocs/alumni/framework/web/CWebApplication.php(282): CController->run('login')
#2 /Applications/MAMP/htdocs/alumni/framework/web/CWebApplication.php(141): CWebApplication->runController('frontend/colleg...')
#3 /Applications/MAMP/htdocs/alumni/framework/base/CApplication.php(184): CWebApplication->processRequest()
#4 /Applications/MAMP/htdocs/alumni/index.php(13): CApplication->run()
#5 {main}
REQUEST_URI=/alumni/index.php?r=frontend/collegian/login
HTTP_REFERER=http://localhost/alumni/index.php?r=site/main
---
2015/07/20 14:36:20 [error] [php] Undefined index: news_id (/Applications/MAMP/htdocs/alumni/protected/controllers/CommentController.php:28)
Stack trace:
#0 /Applications/MAMP/htdocs/alumni/framework/web/CController.php(286): CommentController->runAction()
#1 /Applications/MAMP/htdocs/alumni/framework/web/CController.php(265): CommentController->runActionWithFilters()
#2 /Applications/MAMP/htdocs/alumni/framework/web/CWebApplication.php(282): CommentController->run()
#3 /Applications/MAMP/htdocs/alumni/framework/web/CWebApplication.php(141): CWebApplication->runController()
#4 /Applications/MAMP/htdocs/alumni/framework/base/CApplication.php(184): CWebApplication->processRequest()
#5 /Applications/MAMP/htdocs/alumni/index.php(13): CWebApplication->run()
REQUEST_URI=/alumni/index.php?r=comment/get_comment
in /Applications/MAMP/htdocs/alumni/protected/controllers/CommentController.php (28)
in /Applications/MAMP/htdocs/alumni/index.php (13)
2015/07/20 14:38:00 [error] [php] Undefined index: news_id (/Applications/MAMP/htdocs/alumni/protected/controllers/CommentController.php:28)
Stack trace:
#0 /Applications/MAMP/htdocs/alumni/framework/web/CController.php(286): CommentController->runAction()
#1 /Applications/MAMP/htdocs/alumni/framework/web/CController.php(265): CommentController->runActionWithFilters()
#2 /Applications/MAMP/htdocs/alumni/framework/web/CWebApplication.php(282): CommentController->run()
#3 /Applications/MAMP/htdocs/alumni/framework/web/CWebApplication.php(141): CWebApplication->runController()
#4 /Applications/MAMP/htdocs/alumni/framework/base/CApplication.php(184): CWebApplication->processRequest()
#5 /Applications/MAMP/htdocs/alumni/index.php(13): CWebApplication->run()
REQUEST_URI=/alumni/index.php?r=comment/get_comment
in /Applications/MAMP/htdocs/alumni/protected/controllers/CommentController.php (28)
in /Applications/MAMP/htdocs/alumni/index.php (13)
2015/07/20 14:59:59 [error] [php] Undefined index: news_id (/Applications/MAMP/htdocs/alumni/protected/controllers/CommentController.php:28)
Stack trace:
#0 /Applications/MAMP/htdocs/alumni/framework/web/CController.php(286): CommentController->runAction()
#1 /Applications/MAMP/htdocs/alumni/framework/web/CController.php(265): CommentController->runActionWithFilters()
#2 /Applications/MAMP/htdocs/alumni/framework/web/CWebApplication.php(282): CommentController->run()
#3 /Applications/MAMP/htdocs/alumni/framework/web/CWebApplication.php(141): CWebApplication->runController()
#4 /Applications/MAMP/htdocs/alumni/framework/base/CApplication.php(184): CWebApplication->processRequest()
#5 /Applications/MAMP/htdocs/alumni/index.php(13): CWebApplication->run()
REQUEST_URI=/alumni/index.php?r=comment/get_comment
in /Applications/MAMP/htdocs/alumni/protected/controllers/CommentController.php (28)
in /Applications/MAMP/htdocs/alumni/index.php (13)
2015/07/23 13:14:21 [error] [exception.CDbException] exception 'CDbException' with message 'CDbConnection failed to open the DB connection: SQLSTATE[HY000] [2003] Can't connect to MySQL server on '122.154.239.67' (4)' in /Applications/MAMP/htdocs/alumni/framework/db/CDbConnection.php:399
Stack trace:
#0 /Applications/MAMP/htdocs/alumni/framework/db/CDbConnection.php(347): CDbConnection->open()
#1 /Applications/MAMP/htdocs/alumni/framework/db/CDbConnection.php(325): CDbConnection->setActive(true)
#2 /Applications/MAMP/htdocs/alumni/framework/base/CModule.php(394): CDbConnection->init()
#3 /Applications/MAMP/htdocs/alumni/framework/base/CApplication.php(458): CModule->getComponent('db')
#4 /Applications/MAMP/htdocs/alumni/framework/db/ar/CActiveRecord.php(637): CApplication->getDb()
#5 /Applications/MAMP/htdocs/alumni/framework/db/ar/CActiveRecord.php(2384): CActiveRecord->getDbConnection()
#6 /Applications/MAMP/htdocs/alumni/framework/db/ar/CActiveRecord.php(411): CActiveRecordMetaData->__construct(Object(NewsModels))
#7 /Applications/MAMP/htdocs/alumni/framework/db/ar/CActiveRecord.php(79): CActiveRecord->getMetaData()
#8 /Applications/MAMP/htdocs/alumni/protected/controllers/SiteController.php(38): CActiveRecord->__construct()
#9 /Applications/MAMP/htdocs/alumni/framework/web/actions/CInlineAction.php(49): SiteController->actionMain()
#10 /Applications/MAMP/htdocs/alumni/framework/web/CController.php(308): CInlineAction->runWithParams(Array)
#11 /Applications/MAMP/htdocs/alumni/framework/web/CController.php(286): CController->runAction(Object(CInlineAction))
#12 /Applications/MAMP/htdocs/alumni/framework/web/CController.php(265): CController->runActionWithFilters(Object(CInlineAction), Array)
#13 /Applications/MAMP/htdocs/alumni/framework/web/CWebApplication.php(282): CController->run('main')
#14 /Applications/MAMP/htdocs/alumni/framework/web/CWebApplication.php(141): CWebApplication->runController('site/main')
#15 /Applications/MAMP/htdocs/alumni/framework/base/CApplication.php(184): CWebApplication->processRequest()
#16 /Applications/MAMP/htdocs/alumni/index.php(13): CApplication->run()
#17 {main}
REQUEST_URI=/alumni/index.php?r=site/main
---
2015/07/23 13:14:48 [error] [exception.CDbException] exception 'CDbException' with message 'CDbConnection failed to open the DB connection: SQLSTATE[HY000] [2003] Can't connect to MySQL server on '122.154.239.67' (4)' in /Applications/MAMP/htdocs/alumni/framework/db/CDbConnection.php:399
Stack trace:
#0 /Applications/MAMP/htdocs/alumni/framework/db/CDbConnection.php(347): CDbConnection->open()
#1 /Applications/MAMP/htdocs/alumni/framework/db/CDbConnection.php(325): CDbConnection->setActive(true)
#2 /Applications/MAMP/htdocs/alumni/framework/base/CModule.php(394): CDbConnection->init()
#3 /Applications/MAMP/htdocs/alumni/framework/base/CApplication.php(458): CModule->getComponent('db')
#4 /Applications/MAMP/htdocs/alumni/framework/db/ar/CActiveRecord.php(637): CApplication->getDb()
#5 /Applications/MAMP/htdocs/alumni/framework/db/ar/CActiveRecord.php(2384): CActiveRecord->getDbConnection()
#6 /Applications/MAMP/htdocs/alumni/framework/db/ar/CActiveRecord.php(411): CActiveRecordMetaData->__construct(Object(NewsModels))
#7 /Applications/MAMP/htdocs/alumni/framework/db/ar/CActiveRecord.php(79): CActiveRecord->getMetaData()
#8 /Applications/MAMP/htdocs/alumni/protected/controllers/SiteController.php(38): CActiveRecord->__construct()
#9 /Applications/MAMP/htdocs/alumni/framework/web/actions/CInlineAction.php(49): SiteController->actionMain()
#10 /Applications/MAMP/htdocs/alumni/framework/web/CController.php(308): CInlineAction->runWithParams(Array)
#11 /Applications/MAMP/htdocs/alumni/framework/web/CController.php(286): CController->runAction(Object(CInlineAction))
#12 /Applications/MAMP/htdocs/alumni/framework/web/CController.php(265): CController->runActionWithFilters(Object(CInlineAction), Array)
#13 /Applications/MAMP/htdocs/alumni/framework/web/CWebApplication.php(282): CController->run('main')
#14 /Applications/MAMP/htdocs/alumni/framework/web/CWebApplication.php(141): CWebApplication->runController('site/main')
#15 /Applications/MAMP/htdocs/alumni/framework/base/CApplication.php(184): CWebApplication->processRequest()
#16 /Applications/MAMP/htdocs/alumni/index.php(13): CApplication->run()
#17 {main}
REQUEST_URI=/alumni/index.php?r=site/main
---
