2015/05/16 16:42:04 [error] [php] Undefined index: collegiancode (/Applications/MAMP/htdocs/alumni/protected/controllers/frontend/CollegianController.php:46)
Stack trace:
#0 /Applications/MAMP/htdocs/alumni/framework/web/CController.php(286): CollegianController->runAction()
#1 /Applications/MAMP/htdocs/alumni/framework/web/CController.php(265): CollegianController->runActionWithFilters()
#2 /Applications/MAMP/htdocs/alumni/framework/web/CWebApplication.php(282): CollegianController->run()
#3 /Applications/MAMP/htdocs/alumni/framework/web/CWebApplication.php(141): CWebApplication->runController()
#4 /Applications/MAMP/htdocs/alumni/framework/base/CApplication.php(184): CWebApplication->processRequest()
#5 /Applications/MAMP/htdocs/alumni/index.php(13): CWebApplication->run()
REQUEST_URI=/alumni/index.php?r=frontend/collegian/detail_collegian
in /Applications/MAMP/htdocs/alumni/protected/controllers/frontend/CollegianController.php (46)
in /Applications/MAMP/htdocs/alumni/index.php (13)
2015/05/16 16:42:14 [error] [php] Undefined index: collegiancode (/Applications/MAMP/htdocs/alumni/protected/controllers/frontend/CollegianController.php:46)
Stack trace:
#0 /Applications/MAMP/htdocs/alumni/framework/web/CController.php(286): CollegianController->runAction()
#1 /Applications/MAMP/htdocs/alumni/framework/web/CController.php(265): CollegianController->runActionWithFilters()
#2 /Applications/MAMP/htdocs/alumni/framework/web/CWebApplication.php(282): CollegianController->run()
#3 /Applications/MAMP/htdocs/alumni/framework/web/CWebApplication.php(141): CWebApplication->runController()
#4 /Applications/MAMP/htdocs/alumni/framework/base/CApplication.php(184): CWebApplication->processRequest()
#5 /Applications/MAMP/htdocs/alumni/index.php(13): CWebApplication->run()
REQUEST_URI=/alumni/index.php?r=frontend/collegian/detail_collegian
in /Applications/MAMP/htdocs/alumni/protected/controllers/frontend/CollegianController.php (46)
in /Applications/MAMP/htdocs/alumni/index.php (13)
2015/05/16 16:42:24 [error] [php] Undefined index: collegiancode (/Applications/MAMP/htdocs/alumni/protected/controllers/frontend/CollegianController.php:46)
Stack trace:
#0 /Applications/MAMP/htdocs/alumni/framework/web/CController.php(286): CollegianController->runAction()
#1 /Applications/MAMP/htdocs/alumni/framework/web/CController.php(265): CollegianController->runActionWithFilters()
#2 /Applications/MAMP/htdocs/alumni/framework/web/CWebApplication.php(282): CollegianController->run()
#3 /Applications/MAMP/htdocs/alumni/framework/web/CWebApplication.php(141): CWebApplication->runController()
#4 /Applications/MAMP/htdocs/alumni/framework/base/CApplication.php(184): CWebApplication->processRequest()
#5 /Applications/MAMP/htdocs/alumni/index.php(13): CWebApplication->run()
REQUEST_URI=/alumni/index.php?r=frontend/collegian/detail_collegian
in /Applications/MAMP/htdocs/alumni/protected/controllers/frontend/CollegianController.php (46)
in /Applications/MAMP/htdocs/alumni/index.php (13)
2015/05/16 17:05:29 [error] [php] Undefined index: collegiancode (/Applications/MAMP/htdocs/alumni/protected/controllers/frontend/CollegianController.php:46)
Stack trace:
#0 /Applications/MAMP/htdocs/alumni/framework/web/CController.php(286): CollegianController->runAction()
#1 /Applications/MAMP/htdocs/alumni/framework/web/CController.php(265): CollegianController->runActionWithFilters()
#2 /Applications/MAMP/htdocs/alumni/framework/web/CWebApplication.php(282): CollegianController->run()
#3 /Applications/MAMP/htdocs/alumni/framework/web/CWebApplication.php(141): CWebApplication->runController()
#4 /Applications/MAMP/htdocs/alumni/framework/base/CApplication.php(184): CWebApplication->processRequest()
#5 /Applications/MAMP/htdocs/alumni/index.php(13): CWebApplication->run()
REQUEST_URI=/alumni/index.php?r=frontend/collegian/detail_collegian
in /Applications/MAMP/htdocs/alumni/protected/controllers/frontend/CollegianController.php (46)
in /Applications/MAMP/htdocs/alumni/index.php (13)
2015/05/16 19:03:51 [error] [php] Undefined index: collegiancode (/Applications/MAMP/htdocs/alumni/protected/controllers/frontend/CollegianController.php:46)
Stack trace:
#0 /Applications/MAMP/htdocs/alumni/framework/web/CController.php(286): CollegianController->runAction()
#1 /Applications/MAMP/htdocs/alumni/framework/web/CController.php(265): CollegianController->runActionWithFilters()
#2 /Applications/MAMP/htdocs/alumni/framework/web/CWebApplication.php(282): CollegianController->run()
#3 /Applications/MAMP/htdocs/alumni/framework/web/CWebApplication.php(141): CWebApplication->runController()
#4 /Applications/MAMP/htdocs/alumni/framework/base/CApplication.php(184): CWebApplication->processRequest()
#5 /Applications/MAMP/htdocs/alumni/index.php(13): CWebApplication->run()
REQUEST_URI=/alumni/index.php?r=frontend/collegian/detail_collegian
in /Applications/MAMP/htdocs/alumni/protected/controllers/frontend/CollegianController.php (46)
in /Applications/MAMP/htdocs/alumni/index.php (13)
2015/05/16 19:04:44 [error] [php] Undefined index: collegiancode (/Applications/MAMP/htdocs/alumni/protected/controllers/frontend/CollegianController.php:46)
Stack trace:
#0 /Applications/MAMP/htdocs/alumni/framework/web/CController.php(286): CollegianController->runAction()
#1 /Applications/MAMP/htdocs/alumni/framework/web/CController.php(265): CollegianController->runActionWithFilters()
#2 /Applications/MAMP/htdocs/alumni/framework/web/CWebApplication.php(282): CollegianController->run()
#3 /Applications/MAMP/htdocs/alumni/framework/web/CWebApplication.php(141): CWebApplication->runController()
#4 /Applications/MAMP/htdocs/alumni/framework/base/CApplication.php(184): CWebApplication->processRequest()
#5 /Applications/MAMP/htdocs/alumni/index.php(13): CWebApplication->run()
REQUEST_URI=/alumni/index.php?r=frontend/collegian/detail_collegian
in /Applications/MAMP/htdocs/alumni/protected/controllers/frontend/CollegianController.php (46)
in /Applications/MAMP/htdocs/alumni/index.php (13)
2015/05/16 19:04:48 [error] [php] Undefined index: collegiancode (/Applications/MAMP/htdocs/alumni/protected/controllers/frontend/CollegianController.php:46)
Stack trace:
#0 /Applications/MAMP/htdocs/alumni/framework/web/CController.php(286): CollegianController->runAction()
#1 /Applications/MAMP/htdocs/alumni/framework/web/CController.php(265): CollegianController->runActionWithFilters()
#2 /Applications/MAMP/htdocs/alumni/framework/web/CWebApplication.php(282): CollegianController->run()
#3 /Applications/MAMP/htdocs/alumni/framework/web/CWebApplication.php(141): CWebApplication->runController()
#4 /Applications/MAMP/htdocs/alumni/framework/base/CApplication.php(184): CWebApplication->processRequest()
#5 /Applications/MAMP/htdocs/alumni/index.php(13): CWebApplication->run()
REQUEST_URI=/alumni/index.php?r=frontend/collegian/detail_collegian
in /Applications/MAMP/htdocs/alumni/protected/controllers/frontend/CollegianController.php (46)
in /Applications/MAMP/htdocs/alumni/index.php (13)
2015/05/16 19:04:56 [error] [php] Undefined index: collegiancode (/Applications/MAMP/htdocs/alumni/protected/controllers/frontend/CollegianController.php:46)
Stack trace:
#0 /Applications/MAMP/htdocs/alumni/framework/web/CController.php(286): CollegianController->runAction()
#1 /Applications/MAMP/htdocs/alumni/framework/web/CController.php(265): CollegianController->runActionWithFilters()
#2 /Applications/MAMP/htdocs/alumni/framework/web/CWebApplication.php(282): CollegianController->run()
#3 /Applications/MAMP/htdocs/alumni/framework/web/CWebApplication.php(141): CWebApplication->runController()
#4 /Applications/MAMP/htdocs/alumni/framework/base/CApplication.php(184): CWebApplication->processRequest()
#5 /Applications/MAMP/htdocs/alumni/index.php(13): CWebApplication->run()
REQUEST_URI=/alumni/index.php?r=frontend/collegian/detail_collegian
in /Applications/MAMP/htdocs/alumni/protected/controllers/frontend/CollegianController.php (46)
in /Applications/MAMP/htdocs/alumni/index.php (13)
